> Task :app:preBuild UP-TO-DATE
> Task :app:preDebugBuild UP-TO-DATE
> Task :app:mergeDebugNativeDebugMetadata NO-SOURCE
> Task :app:checkKotlinGradlePluginConfigurationErrors
> Task :app:generateDebugBuildConfig UP-TO-DATE
> Task :app:checkDebugAarMetadata UP-TO-DATE
> Task :app:generateDebugResValues UP-TO-DATE
> Task :app:mapDebugSourceSetPaths UP-TO-DATE
> Task :app:generateDebugResources UP-TO-DATE
> Task :app:mergeDebugResources UP-TO-DATE
> Task :app:packageDebugResources UP-TO-DATE
> Task :app:parseDebugLocalResources UP-TO-DATE
> Task :app:createDebugCompatibleScreenManifests UP-TO-DATE
> Task :app:extractDeepLinksDebug UP-TO-DATE
> Task :app:processDebugMainManifest UP-TO-DATE
> Task :app:processDebugManifest UP-TO-DATE
> Task :app:processDebugManifestForPackage UP-TO-DATE
> Task :app:processDebugResources UP-TO-DATE
> Task :app:javaPreCompileDebug UP-TO-DATE
> Task :app:mergeDebugShaders UP-TO-DATE
> Task :app:compileDebugShaders NO-SOURCE
> Task :app:generateDebugAssets UP-TO-DATE
> Task :app:mergeDebugAssets UP-TO-DATE
> Task :app:compressDebugAssets UP-TO-DATE
> Task :app:desugarDebugFileDependencies UP-TO-DATE
> Task :app:checkDebugDuplicateClasses UP-TO-DATE
> Task :app:mergeExtDexDebug UP-TO-DATE
> Task :app:mergeLibDexDebug UP-TO-DATE
> Task :app:mergeDebugJniLibFolders UP-TO-DATE
> Task :app:mergeDebugNativeLibs UP-TO-DATE
> Task :app:stripDebugDebugSymbols UP-TO-DATE
> Task :app:validateSigningDebug UP-TO-DATE
> Task :app:writeDebugAppMetadata UP-TO-DATE
> Task :app:writeDebugSigningConfigVersions UP-TO-DATE

> Task :app:kaptGenerateStubsDebugKotlin FAILED
e: file:///home/xaf/Desktop/wayy/app/src/main/java/com/wayy/data/local/LearningDao.kt:23:41 Expecting '"'
e: file:///home/xaf/Desktop/wayy/app/src/main/java/com/wayy/data/local/LearningDao.kt:24:20 Expecting an element
e: file:///home/xaf/Desktop/wayy/app/src/main/java/com/wayy/data/local/LearningDao.kt:24:22 Unexpected type specification
e: file:///home/xaf/Desktop/wayy/app/src/main/java/com/wayy/data/local/LearningDao.kt:25:25 Expecting an expression
e: file:///home/xaf/Desktop/wayy/app/src/main/java/com/wayy/data/local/LearningDao.kt:25:26 Unexpected type specification
e: file:///home/xaf/Desktop/wayy/app/src/main/java/com/wayy/data/local/LearningDao.kt:26:27 Expecting an expression
e: file:///home/xaf/Desktop/wayy/app/src/main/java/com/wayy/data/local/LearningDao.kt:26:28 Unexpected type specification
e: file:///home/xaf/Desktop/wayy/app/src/main/java/com/wayy/data/local/LearningDao.kt:27:23 Expecting an expression
e: file:///home/xaf/Desktop/wayy/app/src/main/java/com/wayy/data/local/LearningDao.kt:27:24 Unexpected type specification
e: file:///home/xaf/Desktop/wayy/app/src/main/java/com/wayy/data/local/LearningDao.kt:28:20 Expecting an expression
e: file:///home/xaf/Desktop/wayy/app/src/main/java/com/wayy/data/local/LearningDao.kt:28:21 Unexpected type specification
e: file:///home/xaf/Desktop/wayy/app/src/main/java/com/wayy/data/local/LearningDao.kt:30:29 Expecting ','
e: file:///home/xaf/Desktop/wayy/app/src/main/java/com/wayy/data/local/LearningDao.kt:30:31 Expecting '"'
e: file:///home/xaf/Desktop/wayy/app/src/main/java/com/wayy/data/local/LearningDao.kt:37:6 Expecting ','
e: file:///home/xaf/Desktop/wayy/app/src/main/java/com/wayy/data/local/LearningDao.kt:39:41 Expecting '"'
e: file:///home/xaf/Desktop/wayy/app/src/main/java/com/wayy/data/local/LearningDao.kt:40:31 Expecting an element
e: file:///home/xaf/Desktop/wayy/app/src/main/java/com/wayy/data/local/LearningDao.kt:40:33 Unexpected type specification
e: file:///home/xaf/Desktop/wayy/app/src/main/java/com/wayy/data/local/LearningDao.kt:41:45 Expecting an expression
e: file:///home/xaf/Desktop/wayy/app/src/main/java/com/wayy/data/local/LearningDao.kt:41:46 Unexpected type specification
e: file:///home/xaf/Desktop/wayy/app/src/main/java/com/wayy/data/local/LearningDao.kt:42:20 Expecting an expression
e: file:///home/xaf/Desktop/wayy/app/src/main/java/com/wayy/data/local/LearningDao.kt:42:21 Unexpected type specification
e: file:///home/xaf/Desktop/wayy/app/src/main/java/com/wayy/data/local/LearningDao.kt:42:31 Expecting ','
e: file:///home/xaf/Desktop/wayy/app/src/main/java/com/wayy/data/local/LearningDao.kt:43:18 Expecting an element
e: file:///home/xaf/Desktop/wayy/app/src/main/java/com/wayy/data/local/LearningDao.kt:43:19 Expecting ','
e: file:///home/xaf/Desktop/wayy/app/src/main/java/com/wayy/data/local/LearningDao.kt:43:29 Expecting ','
e: file:///home/xaf/Desktop/wayy/app/src/main/java/com/wayy/data/local/LearningDao.kt:43:31 Expecting '"'
e: file:///home/xaf/Desktop/wayy/app/src/main/java/com/wayy/data/local/LearningDao.kt:48:6 Expecting ','
e: file:///home/xaf/Desktop/wayy/app/src/main/java/com/wayy/data/local/LearningDao.kt:53:76 Expecting ','
e: file:///home/xaf/Desktop/wayy/app/src/main/java/com/wayy/data/local/LearningDao.kt:56:71 Expecting ','
e: file:///home/xaf/Desktop/wayy/app/src/main/java/com/wayy/data/local/LearningDao.kt:72:38 Expecting ','
e: file:///home/xaf/Desktop/wayy/app/src/main/java/com/wayy/data/local/LearningDao.kt:75:88 Expecting ','
e: file:///home/xaf/Desktop/wayy/app/src/main/java/com/wayy/data/local/LearningDao.kt:84:127 Expecting ','
e: file:///home/xaf/Desktop/wayy/app/src/main/java/com/wayy/data/local/LearningDao.kt:87:53 Expecting ','
e: file:///home/xaf/Desktop/wayy/app/src/main/java/com/wayy/data/local/LearningDao.kt:92:62 Expecting ','
e: file:///home/xaf/Desktop/wayy/app/src/main/java/com/wayy/data/local/LearningDao.kt:95:73 Expecting ','
e: file:///home/xaf/Desktop/wayy/app/src/main/java/com/wayy/data/local/LearningDao.kt:98:89 Expecting ','
e: file:///home/xaf/Desktop/wayy/app/src/main/java/com/wayy/data/local/LearningDao.kt:118:6 Expecting ','
e: file:///home/xaf/Desktop/wayy/app/src/main/java/com/wayy/data/local/LearningDao.kt:123:68 Expecting ','
e: file:///home/xaf/Desktop/wayy/app/src/main/java/com/wayy/data/local/LearningDao.kt:126:88 Expecting ','
e: file:///home/xaf/Desktop/wayy/app/src/main/java/com/wayy/data/local/LearningDao.kt:138:35 Expecting ','
e: file:///home/xaf/Desktop/wayy/app/src/main/java/com/wayy/data/local/LearningDao.kt:146:84 Expecting ','
e: file:///home/xaf/Desktop/wayy/app/src/main/java/com/wayy/data/local/LearningDao.kt:153:67 Expecting ','
e: file:///home/xaf/Desktop/wayy/app/src/main/java/com/wayy/data/local/LearningDao.kt:158:62 Expecting ','
e: file:///home/xaf/Desktop/wayy/app/src/main/java/com/wayy/data/local/LearningDao.kt:173:35 Expecting ','
e: file:///home/xaf/Desktop/wayy/app/src/main/java/com/wayy/data/local/LearningDao.kt:190:35 Expecting ','
e: file:///home/xaf/Desktop/wayy/app/src/main/java/com/wayy/data/local/LearningDao.kt:193:49 Expecting ','
e: file:///home/xaf/Desktop/wayy/app/src/main/java/com/wayy/data/local/LearningDao.kt:196:88 Expecting ','
e: file:///home/xaf/Desktop/wayy/app/src/main/java/com/wayy/data/local/LearningDao.kt:201:58 Expecting ','
e: file:///home/xaf/Desktop/wayy/app/src/main/java/com/wayy/data/local/LearningDao.kt:204:74 Expecting ','
e: file:///home/xaf/Desktop/wayy/app/src/main/java/com/wayy/data/local/LearningDao.kt:216:31 Expecting ','
e: file:///home/xaf/Desktop/wayy/app/src/main/java/com/wayy/data/local/LearningDao.kt:219:50 Expecting ','
e: file:///home/xaf/Desktop/wayy/app/src/main/java/com/wayy/data/local/LearningDao.kt:224:68 Expecting ','
e: file:///home/xaf/Desktop/wayy/app/src/main/java/com/wayy/data/local/LearningDao.kt:227:87 Expecting ','
e: file:///home/xaf/Desktop/wayy/app/src/main/java/com/wayy/data/local/LearningDao.kt:235:88 Expecting ','
e: file:///home/xaf/Desktop/wayy/app/src/main/java/com/wayy/data/local/LearningDao.kt:243:97 Expecting ','
e: file:///home/xaf/Desktop/wayy/app/src/main/java/com/wayy/data/local/LearningDao.kt:246:85 Expecting ','
e: file:///home/xaf/Desktop/wayy/app/src/main/java/com/wayy/data/local/LearningDao.kt:251:45 Expecting ','
e: file:///home/xaf/Desktop/wayy/app/src/main/java/com/wayy/data/local/LearningDao.kt:254:72 Expecting ','
e: file:///home/xaf/Desktop/wayy/app/src/main/java/com/wayy/data/local/LearningDao.kt:257:58 Expecting ','
e: file:///home/xaf/Desktop/wayy/app/src/main/java/com/wayy/data/local/LearningDao.kt:260:91 Expecting ','
e: file:///home/xaf/Desktop/wayy/app/src/main/java/com/wayy/data/local/LearningDao.kt:263:54 Expecting ')'

FAILURE: Build failed with an exception.

* What went wrong:
Execution failed for task ':app:kaptGenerateStubsDebugKotlin'.
> A failure occurred while executing org.jetbrains.kotlin.compilerRunner.GradleCompilerRunnerWithWorkers$GradleKotlinCompilerWorkAction
   > Compilation error. See log for more details

* Try:
> Run with --stacktrace option to get the stack trace.
> Run with --info or --debug option to get more log output.
> Run with --scan to get full insights.
> Get more help at https://help.gradle.org.

BUILD FAILED in 2s
29 actionable tasks: 2 executed, 27 up-to-date
> Task :app:preBuild UP-TO-DATE
> Task :app:preDebugBuild UP-TO-DATE
> Task :app:mergeDebugNativeDebugMetadata NO-SOURCE
> Task :app:checkKotlinGradlePluginConfigurationErrors
> Task :app:generateDebugBuildConfig UP-TO-DATE
> Task :app:checkDebugAarMetadata UP-TO-DATE
> Task :app:generateDebugResValues UP-TO-DATE
> Task :app:mapDebugSourceSetPaths UP-TO-DATE
> Task :app:generateDebugResources UP-TO-DATE
> Task :app:mergeDebugResources UP-TO-DATE
> Task :app:packageDebugResources UP-TO-DATE
> Task :app:parseDebugLocalResources UP-TO-DATE
> Task :app:createDebugCompatibleScreenManifests UP-TO-DATE
> Task :app:extractDeepLinksDebug UP-TO-DATE
> Task :app:processDebugMainManifest UP-TO-DATE
> Task :app:processDebugManifest UP-TO-DATE
> Task :app:processDebugManifestForPackage UP-TO-DATE
> Task :app:processDebugResources UP-TO-DATE
> Task :app:javaPreCompileDebug UP-TO-DATE
> Task :app:mergeDebugShaders UP-TO-DATE
> Task :app:compileDebugShaders NO-SOURCE
> Task :app:generateDebugAssets UP-TO-DATE
> Task :app:mergeDebugAssets UP-TO-DATE
> Task :app:compressDebugAssets UP-TO-DATE
> Task :app:desugarDebugFileDependencies UP-TO-DATE
> Task :app:checkDebugDuplicateClasses UP-TO-DATE
> Task :app:mergeExtDexDebug UP-TO-DATE
> Task :app:mergeLibDexDebug UP-TO-DATE
> Task :app:mergeDebugJniLibFolders UP-TO-DATE
> Task :app:mergeDebugNativeLibs UP-TO-DATE
> Task :app:stripDebugDebugSymbols UP-TO-DATE
> Task :app:validateSigningDebug UP-TO-DATE
> Task :app:writeDebugAppMetadata UP-TO-DATE
> Task :app:writeDebugSigningConfigVersions UP-TO-DATE
> Task :app:kaptGenerateStubsDebugKotlin

> Task :app:kaptDebugKotlin
warning: The following options were not recognized by any processor: '[dagger.fastInit, dagger.hilt.android.internal.disableAndroidSuperclassValidation, dagger.hilt.android.internal.projectType, dagger.hilt.internal.useAggregatingRootProcessor, kapt.kotlin.generated]'

> Task :app:compileDebugKotlin
e: file:///home/xaf/Desktop/wayy/app/src/main/java/com/wayy/data/local/RouteDecisionLogger.kt:261:5 Unresolved reference: RouteRepository
e: file:///home/xaf/Desktop/wayy/app/src/main/java/com/wayy/data/local/RouteDecisionLogger.kt:270:14 Variable expected

> Task :app:compileDebugKotlin FAILED

FAILURE: Build failed with an exception.

* What went wrong:
Execution failed for task ':app:compileDebugKotlin'.
> A failure occurred while executing org.jetbrains.kotlin.compilerRunner.GradleCompilerRunnerWithWorkers$GradleKotlinCompilerWorkAction
   > Compilation error. See log for more details

* Try:
> Run with --stacktrace option to get the stack trace.
> Run with --info or --debug option to get more log output.
> Run with --scan to get full insights.
> Get more help at https://help.gradle.org.

BUILD FAILED in 6s
31 actionable tasks: 4 executed, 27 up-to-date
